<?xml version="1.0" encoding="UTF-8"?>
<!-- Generated by org.testng.reporters.JUnitReportReporter -->
<testsuite hostname="Soni" failures="0" tests="2" name="testNGExecutation.TestNGMethod3" time="0.016" errors="0" timestamp="2023-07-18T15:22:56 IST" skipped="0">
  <testcase classname="testNGExecutation.TestNGMethod3" name="TestNGMethod6" time="0.008">
    <system-out>
      <![CDATA[thread of TestNGModule6:25]]>
    </system-out>
  </testcase> <!-- TestNGMethod6 -->
  <testcase classname="testNGExecutation.TestNGMethod3" name="TestNGMethod5" time="0.008">
    <system-out>
      <![CDATA[thread of TestNGModule5:24]]>
    </system-out>
  </testcase> <!-- TestNGMethod5 -->
  <system-out>
    <![CDATA[thread of TestNGModule5:24
thread of TestNGModule2:23
thread of TestNGModule1:22
thread of TestNGModule3:26
thread of TestNGModule6:25
thread of TestNGModule4:22]]>
  </system-out>
</testsuite> <!-- testNGExecutation.TestNGMethod3 -->
