<?xml version="1.0" encoding="UTF-8"?>
<!-- Generated by org.testng.reporters.JUnitReportReporter -->
<testsuite hostname="Soni" failures="0" tests="8" name="testNGAnnotationFlags.Flag4" time="0.017" errors="0" timestamp="2023-07-22T14:45:30 IST" skipped="0">
  <testcase classname="testNGAnnotationFlags.Flag4" name="d" time="0.007"/>
  <testcase classname="testNGAnnotationFlags.Flag4" name="i" time="0.001"/>
  <testcase classname="testNGAnnotationFlags.Flag4" name="e" time="0.002"/>
  <testcase classname="testNGAnnotationFlags.Flag4" name="f" time="0.001"/>
  <testcase classname="testNGAnnotationFlags.Flag4" name="p" time="0.001"/>
  <testcase classname="testNGAnnotationFlags.Flag4" name="k" time="0.001"/>
  <testcase classname="testNGAnnotationFlags.Flag4" name="m" time="0.002"/>
  <testcase classname="testNGAnnotationFlags.Flag4" name="z" time="0.002"/>
</testsuite> <!-- testNGAnnotationFlags.Flag4 -->
