<?xml version="1.0" encoding="UTF-8"?>
<!-- Generated by org.testng.reporters.JUnitReportReporter -->
<testsuite hostname="Soni" failures="0" tests="2" name="testNGPack2.Remo1" time="0.009" errors="0" timestamp="2023-07-17T23:44:11 IST" skipped="0">
  <testcase classname="testNGPack2.Remo1" name="method3" time="0.008">
    <system-out>
      <![CDATA[this is method3 class]]>
    </system-out>
  </testcase> <!-- method3 -->
  <testcase classname="testNGPack2.Remo1" name="method4" time="0.001">
    <system-out>
      <![CDATA[this is method4 class]]>
    </system-out>
  </testcase> <!-- method4 -->
  <system-out>
    <![CDATA[this is method3 class
this is method4 class
this is method1 class
this is method2 class
this is method5 class
this is method6 class]]>
  </system-out>
</testsuite> <!-- testNGPack2.Remo1 -->
