<?xml version="1.0" encoding="UTF-8"?>
<!-- Generated by org.testng.reporters.JUnitReportReporter -->
<testsuite hostname="Soni" failures="0" tests="1" name="testNG.Demo" time="5.041" errors="0" timestamp="2023-07-17T23:43:33 IST" skipped="0">
  <testcase classname="testNG.Demo" name="f" time="5.041">
    <system-out>
      <![CDATA[this is demo testNG class]]>
    </system-out>
  </testcase> <!-- f -->
  <system-out>
    <![CDATA[this is demo testNG class
this is remo class
this is demo testNG class]]>
  </system-out>
</testsuite> <!-- testNG.Demo -->
