<?xml version="1.0" encoding="UTF-8"?>
<!-- Generated by org.testng.reporters.JUnitReportReporter -->
<testsuite hostname="Soni" failures="0" tests="3" name="testNGAnnotationFlags.GoogleSearchTestCase" time="88.927" errors="0" timestamp="2023-07-20T14:58:41 IST" skipped="0">
  <testcase classname="testNGAnnotationFlags.GoogleSearchTestCase" name="search1" time="38.952"/>
  <testcase classname="testNGAnnotationFlags.GoogleSearchTestCase" name="search2" time="28.781"/>
  <testcase classname="testNGAnnotationFlags.GoogleSearchTestCase" name="search3" time="21.194"/>
</testsuite> <!-- testNGAnnotationFlags.GoogleSearchTestCase -->
