<?xml version="1.0" encoding="UTF-8"?>
<!-- Generated by org.testng.reporters.JUnitReportReporter -->
<testsuite hostname="Soni" failures="0" tests="2" name="testNGAnnotationFlags.Flag2" time="0.008" errors="0" timestamp="2023-07-20T15:29:39 IST" skipped="0">
  <testcase classname="testNGAnnotationFlags.Flag2" name="method1" time="0.007">
    <system-out>
      <![CDATA[method1 from flag1]]>
    </system-out>
  </testcase> <!-- method1 -->
  <testcase classname="testNGAnnotationFlags.Flag2" name="method2" time="0.001">
    <system-out>
      <![CDATA[method2 from flag1]]>
    </system-out>
  </testcase> <!-- method2 -->
  <system-out>
    <![CDATA[method1 from flag1
method2 from flag1]]>
  </system-out>
</testsuite> <!-- testNGAnnotationFlags.Flag2 -->
