<?xml version="1.0" encoding="UTF-8"?>
<!-- Generated by org.testng.reporters.JUnitReportReporter -->
<testsuite hostname="Soni" failures="0" tests="1" name="testNGAnnotationFlags.AnnotationClass" time="0.007" errors="0" timestamp="2023-07-21T15:27:34 IST" skipped="0">
  <testcase classname="testNGAnnotationFlags.AnnotationClass" name="method1" time="0.007">
    <system-out>
      <![CDATA[ TestAnnotation]]>
    </system-out>
  </testcase> <!-- method1 -->
  <system-out>
    <![CDATA[BeforesuiteAnnotation
BeforetesteAnnotation
BeforemethodAnnotation
 TestAnnotation
AfterMthodAnnotation
AfterclassAnnotation
AftertesteAnnotation
AftersuiteAnnotation]]>
  </system-out>
</testsuite> <!-- testNGAnnotationFlags.AnnotationClass -->
