<?xml version="1.0" encoding="UTF-8"?>
<!-- Generated by org.testng.reporters.JUnitReportReporter -->
<testsuite hostname="Soni" failures="0" tests="1" name="testNGExecutation.Demo2" time="6.004" errors="0" timestamp="2023-07-17T23:45:17 IST" skipped="0">
  <testcase classname="testNGExecutation.Demo2" name="demoexecutation" time="6.004">
    <system-out>
      <![CDATA[this is demo testNG class]]>
    </system-out>
  </testcase> <!-- demoexecutation -->
  <system-out>
    <![CDATA[this is demo testNG class
this is demo testNG class
this is demo testNG class]]>
  </system-out>
</testsuite> <!-- testNGExecutation.Demo2 -->
