<?xml version="1.0" encoding="UTF-8"?>
<!-- Generated by org.testng.reporters.JUnitReportReporter -->
<testsuite hostname="Soni" failures="0" tests="2" name="testNGExecutation.TestNGMethod2" time="0.010" errors="0" timestamp="2023-07-18T15:22:56 IST" skipped="0">
  <testcase classname="testNGExecutation.TestNGMethod2" name="TestNGMethod4" time="0.002">
    <system-out>
      <![CDATA[thread of TestNGModule4:22]]>
    </system-out>
  </testcase> <!-- TestNGMethod4 -->
  <testcase classname="testNGExecutation.TestNGMethod2" name="TestNGMethod3" time="0.008">
    <system-out>
      <![CDATA[thread of TestNGModule3:26]]>
    </system-out>
  </testcase> <!-- TestNGMethod3 -->
  <system-out>
    <![CDATA[thread of TestNGModule5:24
thread of TestNGModule2:23
thread of TestNGModule1:22
thread of TestNGModule3:26
thread of TestNGModule6:25
thread of TestNGModule4:22]]>
  </system-out>
</testsuite> <!-- testNGExecutation.TestNGMethod2 -->
