<?xml version="1.0" encoding="UTF-8"?>
<!-- Generated by org.testng.reporters.JUnitReportReporter -->
<testsuite hostname="Soni" failures="0" tests="1" name="testNGExecutation.Remo2" time="5.611" errors="0" timestamp="2023-07-17T23:45:17 IST" skipped="0">
  <testcase classname="testNGExecutation.Remo2" name="remoexecutation" time="5.611">
    <system-out>
      <![CDATA[this is demo testNG class]]>
    </system-out>
  </testcase> <!-- remoexecutation -->
  <system-out>
    <![CDATA[this is demo testNG class
this is demo testNG class
this is demo testNG class]]>
  </system-out>
</testsuite> <!-- testNGExecutation.Remo2 -->
