<?xml version="1.0" encoding="UTF-8"?>
<!-- Generated by org.testng.reporters.JUnitReportReporter -->
<testsuite hostname="Soni" failures="0" tests="2" name="testNGPack2.Sumo1" time="0.005" errors="0" timestamp="2023-07-17T23:44:11 IST" skipped="0">
  <testcase classname="testNGPack2.Sumo1" name="method6" time="0.002">
    <system-out>
      <![CDATA[this is method6 class]]>
    </system-out>
  </testcase> <!-- method6 -->
  <testcase classname="testNGPack2.Sumo1" name="method5" time="0.003">
    <system-out>
      <![CDATA[this is method5 class]]>
    </system-out>
  </testcase> <!-- method5 -->
  <system-out>
    <![CDATA[this is method3 class
this is method4 class
this is method1 class
this is method2 class
this is method5 class
this is method6 class]]>
  </system-out>
</testsuite> <!-- testNGPack2.Sumo1 -->
