<?xml version="1.0" encoding="UTF-8"?>
<!-- Generated by org.testng.reporters.JUnitReportReporter -->
<testsuite hostname="Soni" failures="0" tests="2" name="testNGPack2.Demo1" time="0.002" errors="0" timestamp="2023-07-17T23:44:11 IST" skipped="0">
  <testcase classname="testNGPack2.Demo1" name="method1" time="0.001">
    <system-out>
      <![CDATA[this is method1 class]]>
    </system-out>
  </testcase> <!-- method1 -->
  <testcase classname="testNGPack2.Demo1" name="method2" time="0.001">
    <system-out>
      <![CDATA[this is method2 class]]>
    </system-out>
  </testcase> <!-- method2 -->
  <system-out>
    <![CDATA[this is method3 class
this is method4 class
this is method1 class
this is method2 class
this is method5 class
this is method6 class]]>
  </system-out>
</testsuite> <!-- testNGPack2.Demo1 -->
