<?xml version="1.0" encoding="UTF-8"?>
<!-- Generated by org.testng.reporters.JUnitReportReporter -->
<testsuite hostname="Soni" failures="0" tests="3" name="testNGAnnotationFlags.Flag5" time="0.013" errors="0" timestamp="2023-07-22T15:07:52 IST" skipped="0">
  <testcase classname="testNGAnnotationFlags.Flag5" name="logoutethod" time="0.002"/>
  <testcase classname="testNGAnnotationFlags.Flag5" name="createusermethod" time="0.002"/>
  <testcase classname="testNGAnnotationFlags.Flag5" name="loginmethod" time="0.009"/>
</testsuite> <!-- testNGAnnotationFlags.Flag5 -->
