<?xml version="1.0" encoding="UTF-8"?>
<!-- Generated by org.testng.reporters.JUnitReportReporter -->
<testsuite hostname="Soni" failures="0" tests="1" name="testNG.Remo" time="4.985" errors="0" timestamp="2023-07-17T23:43:33 IST" skipped="0">
  <testcase classname="testNG.Remo" name="g" time="4.985">
    <system-out>
      <![CDATA[this is remo class]]>
    </system-out>
  </testcase> <!-- g -->
  <system-out>
    <![CDATA[this is demo testNG class
this is remo class
this is demo testNG class]]>
  </system-out>
</testsuite> <!-- testNG.Remo -->
