<?xml version="1.0" encoding="UTF-8"?>
<!-- Generated by org.testng.reporters.JUnitReportReporter -->
<testsuite hostname="Soni" failures="0" tests="2" name="testNGAnnotationFlags.Flag1" time="0.008" errors="0" timestamp="2023-07-20T15:31:11 IST" skipped="0">
  <testcase classname="testNGAnnotationFlags.Flag1" name="method1" time="0.006">
    <system-out>
      <![CDATA[method1 from flag1]]>
    </system-out>
  </testcase> <!-- method1 -->
  <testcase classname="testNGAnnotationFlags.Flag1" name="method2" time="0.002">
    <system-out>
      <![CDATA[method1 from flag1]]>
    </system-out>
  </testcase> <!-- method2 -->
  <system-out>
    <![CDATA[method1 from flag1
method1 from flag1]]>
  </system-out>
</testsuite> <!-- testNGAnnotationFlags.Flag1 -->
